*** 2018-07-02 18:16:58.928 Adempiere Log (CLogFile) ***
18:16:58.928 Setup.<init>: ADempiere(r) Release 3.8.0.1_2017-03-01 -Zenith ERP- (c) 1999-2017 Zenith(r); Implementation: ADempiere - Supported by ADempiere community [1]
18:16:59.195 ConfigurationData.load: Defaults [1]
18:17:27.797 Config.test: OK: JavaHome=C:\Program Files\Java\jdk1.8.0_171 [20]
18:17:27.797 Config.test: OK: Version=1.8.0_171 [20]
18:17:27.798 ConfigurationData.testAdempiere: OK: AdempiereHome = E:\380\adempiere-customization\template-master [20]
18:17:27.836 KeyStoreMgt.<init>: E:\380\adempiere-customization\template-master\keystore\myKeystore [20]
18:17:27.838 KeyStoreMgt.createCertificate:  [20]
18:17:29.115 KeyStoreMgt.keytool: keytool -genkey -keyalg rsa -alias adempiere -dname "CN=DESKTOP-48SVKPS, OU=mathe, O=AdempiereUser, L=MyTown, C=US" -keypass myPassword -validity 999 -keystore E:\380\adempiere-customization\template-master\keystore\myKeystore -storepass myPassword [20]
18:17:29.115 KeyStoreMgt.keytool: keytool -selfcert -alias adempiere -dname "CN=DESKTOP-48SVKPS, OU=mathe, O=AdempiereUser, L=MyTown, C=US" -keypass myPassword -validity 999 -keystore E:\380\adempiere-customization\template-master\keystore\myKeystore -storepass myPassword [20]
-----------> ConfigurationData.test: No Key Store [20]
===========> ConfigurationPanel$1.finished: KeyStore Password 
(No Key Store) [16]
18:17:35.917 Config.test: OK: JavaHome=C:\Program Files\Java\jdk1.8.0_171 [22]
18:17:35.917 Config.test: OK: Version=1.8.0_171 [22]
18:17:35.918 ConfigurationData.testAdempiere: OK: AdempiereHome = E:\380\adempiere-customization\template-master [22]
18:17:35.918 KeyStoreMgt.<init>: E:\380\adempiere-customization\template-master\keystore\myKeystore [22]
18:17:35.918 KeyStoreMgt.createCertificate:  [22]
18:17:36.969 KeyStoreMgt.keytool: keytool -genkey -keyalg rsa -alias adempiere -dname "CN=DESKTOP-48SVKPS, OU=mathe, O=AdempiereUser, L=MyTown, C=US" -keypass myPassword -validity 999 -keystore E:\380\adempiere-customization\template-master\keystore\myKeystore -storepass myPassword [22]
18:17:36.970 KeyStoreMgt.keytool: keytool -selfcert -alias adempiere -dname "CN=DESKTOP-48SVKPS, OU=mathe, O=AdempiereUser, L=MyTown, C=US" -keypass myPassword -validity 999 -keystore E:\380\adempiere-customization\template-master\keystore\myKeystore -storepass myPassword [22]
-----------> ConfigurationData.test: No Key Store [22]
===========> ConfigurationPanel$1.finished: KeyStore Password 
(No Key Store) [16]
18:17:41.079 Config.test: OK: JavaHome=C:\Program Files\Java\jdk1.8.0_171 [23]
18:17:41.080 Config.test: OK: Version=1.8.0_171 [23]
18:17:41.080 ConfigurationData.testAdempiere: OK: AdempiereHome = E:\380\adempiere-customization\template-master [23]
18:17:41.080 KeyStoreMgt.<init>: E:\380\adempiere-customization\template-master\keystore\myKeystore [23]
18:17:41.081 KeyStoreMgt.createCertificate:  [23]
18:17:42.132 KeyStoreMgt.keytool: keytool -genkey -keyalg rsa -alias adempiere -dname "CN=DESKTOP-48SVKPS, OU=mathe, O=AdempiereUser, L=MyTown, C=US" -keypass myPassword -validity 999 -keystore E:\380\adempiere-customization\template-master\keystore\myKeystore -storepass myPassword [23]
18:17:42.132 KeyStoreMgt.keytool: keytool -selfcert -alias adempiere -dname "CN=DESKTOP-48SVKPS, OU=mathe, O=AdempiereUser, L=MyTown, C=US" -keypass myPassword -validity 999 -keystore E:\380\adempiere-customization\template-master\keystore\myKeystore -storepass myPassword [23]
-----------> ConfigurationData.test: No Key Store [23]
===========> ConfigurationPanel$1.finished: KeyStore Password 
(No Key Store) [16]
18:17:48.531 Config.test: OK: JavaHome=C:\Program Files\Java\jdk1.8.0_171 [24]
18:17:48.531 Config.test: OK: Version=1.8.0_171 [24]
18:17:48.532 ConfigurationData.testAdempiere: OK: AdempiereHome = E:\380\adempiere-customization\template-master [24]
18:17:48.532 KeyStoreMgt.<init>: E:\380\adempiere-customization\template-master\keystore\myKeystore [24]
18:17:48.532 KeyStoreMgt.createCertificate:  [24]
18:17:49.906 KeyStoreMgt.keytool: keytool -genkey -keyalg rsa -alias adempiere -dname "CN=DESKTOP-48SVKPS, OU=mathe, O=AdempiereUser, L=MyTown, C=US" -keypass myPassword -validity 999 -keystore E:\380\adempiere-customization\template-master\keystore\myKeystore -storepass myPassword [24]
18:17:49.906 KeyStoreMgt.keytool: keytool -selfcert -alias adempiere -dname "CN=DESKTOP-48SVKPS, OU=mathe, O=AdempiereUser, L=MyTown, C=US" -keypass myPassword -validity 999 -keystore E:\380\adempiere-customization\template-master\keystore\myKeystore -storepass myPassword [24]
-----------> ConfigurationData.test: No Key Store [24]
===========> ConfigurationPanel$1.finished: KeyStore Password 
(No Key Store) [16]
18:18:01.249 Config.test: OK: JavaHome=C:\Program Files\Java\jdk1.8.0_171 [25]
18:18:01.249 Config.test: OK: Version=1.8.0_171 [25]
18:18:01.250 ConfigurationData.testAdempiere: OK: AdempiereHome = E:\380\adempiere-customization\template-master [25]
18:18:01.250 KeyStoreMgt.<init>: E:\380\adempiere-customization\template-master\keystore\myKeystore [25]
18:18:01.250 KeyStoreMgt.createCertificate:  [25]
18:18:02.406 KeyStoreMgt.keytool: keytool -genkey -keyalg rsa -alias adempiere -dname "CN=DESKTOP-48SVKPS, OU=mathe, O=AdempiereUser, L=MyTown, C=US" -keypass myPassword -validity 999 -keystore E:\380\adempiere-customization\template-master\keystore\myKeystore -storepass myPassword [25]
18:18:02.406 KeyStoreMgt.keytool: keytool -selfcert -alias adempiere -dname "CN=DESKTOP-48SVKPS, OU=mathe, O=AdempiereUser, L=MyTown, C=US" -keypass myPassword -validity 999 -keystore E:\380\adempiere-customization\template-master\keystore\myKeystore -storepass myPassword [25]
-----------> ConfigurationData.test: No Key Store [25]
===========> ConfigurationPanel$1.finished: KeyStore Password 
(No Key Store) [16]
18:18:15.883 Config.test: OK: JavaHome=C:\Program Files\Java\jdk1.8.0_171 [26]
18:18:15.884 Config.test: OK: Version=1.8.0_171 [26]
18:18:15.884 ConfigurationData.testAdempiere: OK: AdempiereHome = E:\380\adempiere-customization\template-master [26]
18:18:15.884 KeyStoreMgt.<init>: E:\380\adempiere-customization\template-master\keystore\myKeystore [26]
18:18:15.885 KeyStoreMgt.createCertificate:  [26]
18:18:17.035 KeyStoreMgt.keytool: keytool -genkey -keyalg rsa -alias adempiere -dname "CN=DESKTOP-48SVKPS, OU=mathe, O=AdempiereUser, L=MyTown, C=US" -keypass myPassword -validity 999 -keystore E:\380\adempiere-customization\template-master\keystore\myKeystore -storepass myPassword [26]
18:18:17.035 KeyStoreMgt.keytool: keytool -selfcert -alias adempiere -dname "CN=DESKTOP-48SVKPS, OU=mathe, O=AdempiereUser, L=MyTown, C=US" -keypass myPassword -validity 999 -keystore E:\380\adempiere-customization\template-master\keystore\myKeystore -storepass myPassword [26]
-----------> ConfigurationData.test: No Key Store [26]
===========> ConfigurationPanel$1.finished: KeyStore Password 
(No Key Store) [16]
18:18:44.434 Config.test: OK: JavaHome=C:\Program Files\Java\jdk1.8.0_171 [37]
18:18:44.435 Config.test: OK: Version=1.8.0_171 [37]
18:18:44.435 ConfigurationData.testAdempiere: OK: AdempiereHome = E:\380\adempiere-master\adempiere-master [37]
18:18:44.435 KeyStoreMgt.<init>: E:\380\adempiere-master\adempiere-master\keystore\myKeystore [37]
18:18:44.436 KeyStoreMgt.createCertificate:  [37]
18:18:45.598 KeyStoreMgt.keytool: keytool -genkey -keyalg rsa -alias adempiere -dname "CN=DESKTOP-48SVKPS, OU=mathe, O=AdempiereUser, L=MyTown, C=US" -keypass myPassword -validity 999 -keystore E:\380\adempiere-master\adempiere-master\keystore\myKeystore -storepass myPassword [37]
18:18:45.598 KeyStoreMgt.keytool: keytool -selfcert -alias adempiere -dname "CN=DESKTOP-48SVKPS, OU=mathe, O=AdempiereUser, L=MyTown, C=US" -keypass myPassword -validity 999 -keystore E:\380\adempiere-master\adempiere-master\keystore\myKeystore -storepass myPassword [37]
-----------> ConfigurationData.test: No Key Store [37]
===========> ConfigurationPanel$1.finished: KeyStore Password 
(No Key Store) [16]

*** 2018-07-02 18:36:16.288 Adempiere Log (CLogFile) ***
